The system is: Linux - 3.10.0-693.11.6.el7.x86_64 - x86_64
Compiling the C compiler identification source file "CMakeCCompilerId.c" succeeded.
Compiler: /usr/lib64/ccache/cc 
Build flags: 
Id flags:  

The output was:
0


Compilation of the C compiler identification source "CMakeCCompilerId.c" produced "a.out"

The C compiler identification is GNU, found in "/home/daoce.wang/develop/SZ_SLE/tools/H5Z-SZ3/CMakeFiles/3.22.1/CompilerIdC/a.out"

Compiling the CXX compiler identification source file "CMakeCXXCompilerId.cpp" succeeded.
Compiler: /usr/lib64/ccache/c++ 
Build flags: 
Id flags:  

The output was:
0


Compilation of the CXX compiler identification source "CMakeCXXCompilerId.cpp" produced "a.out"

The CXX compiler identification is GNU, found in "/home/daoce.wang/develop/SZ_SLE/tools/H5Z-SZ3/CMakeFiles/3.22.1/CompilerIdCXX/a.out"

Detecting C compiler ABI info compiled with the following output:
Change Dir: /home/daoce.wang/develop/SZ_SLE/tools/H5Z-SZ3/CMakeFiles/CMakeTmp

Run Build Command(s):/usr/bin/gmake -f Makefile cmTC_c31e2/fast && /usr/bin/gmake  -f CMakeFiles/cmTC_c31e2.dir/build.make CMakeFiles/cmTC_c31e2.dir/build
gmake[1]: Entering directory `/home/daoce.wang/develop/SZ_SLE/tools/H5Z-SZ3/CMakeFiles/CMakeTmp'
Building C object CMakeFiles/cmTC_c31e2.dir/CMakeCCompilerABI.c.o
/usr/lib64/ccache/cc   -v -o CMakeFiles/cmTC_c31e2.dir/CMakeCCompilerABI.c.o -c /home/daoce.wang/anaconda3/envs/cmake/share/cmake-3.22/Modules/CMakeCCompilerABI.c
Using built-in specs.
COLLECT_GCC=/usr/bin/cc
Target: x86_64-redhat-linux
Configured with: ../configure --prefix=/usr --mandir=/usr/share/man --infodir=/usr/share/info --with-bugurl=http://bugzilla.redhat.com/bugzilla --enable-bootstrap --enable-shared --enable-threads=posix --enable-checking=release --with-system-zlib --enable-__cxa_atexit --disable-libunwind-exceptions --enable-gnu-unique-object --enable-linker-build-id --with-linker-hash-style=gnu --enable-languages=c,c++,objc,obj-c++,java,fortran,ada,go,lto --enable-plugin --enable-initfini-array --disable-libgcj --with-isl=/builddir/build/BUILD/gcc-4.8.5-20150702/obj-x86_64-redhat-linux/isl-install --with-cloog=/builddir/build/BUILD/gcc-4.8.5-20150702/obj-x86_64-redhat-linux/cloog-install --enable-gnu-indirect-function --with-tune=generic --with-arch_32=x86-64 --build=x86_64-redhat-linux
Thread model: posix
gcc version 4.8.5 20150623 (Red Hat 4.8.5-16) (GCC) 
COLLECT_GCC_OPTIONS='-v' '-c' '-o' 'CMakeFiles/cmTC_6a509.dir/CMakeCCompilerABI.c.o' '-mtune=generic' '-march=x86-64'
 /usr/libexec/gcc/x86_64-redhat-linux/4.8.5/cc1 -quiet -v /home/daoce.wang/anaconda3/envs/cmake/share/cmake-3.22/Modules/CMakeCCompilerABI.c -quiet -dumpbase CMakeCCompilerABI.c -mtune=generic -march=x86-64 -auxbase-strip CMakeFiles/cmTC_6a509.dir/CMakeCCompilerABI.c.o -version -o /tmp/cc2h2sut.s
GNU C (GCC) version 4.8.5 20150623 (Red Hat 4.8.5-16) (x86_64-redhat-linux)
	compiled by GNU C version 4.8.5 20150623 (Red Hat 4.8.5-16), GMP version 6.0.0, MPFR version 3.1.1, MPC version 1.0.1
GGC heuristics: --param ggc-min-expand=100 --param ggc-min-heapsize=131072
ignoring nonexistent directory "/usr/lib/gcc/x86_64-redhat-linux/4.8.5/include-fixed"
ignoring nonexistent directory "/usr/lib/gcc/x86_64-redhat-linux/4.8.5/../../../../x86_64-redhat-linux/include"
#include "..." search starts here:
#include <...> search starts here:
 /opt/apps/boost/1.59.0_openmpi-1.10.1/include
 /opt/apps/lapack/3.8.0/gcc/7.3.0/include
 /opt/apps/blas/3.8.0/gcc/7.3.0/include
 /opt/apps/python3/3.9.5/include
 /opt/apps/gsl/2.1/include
 /opt/apps/hdf5/1.10.6/gcc/7.3.0/openmpi/4.0.3/include
 /opt/apps/openmpi/4.0.5/gcc/7.3.0/include
 /opt/apps/gcc/7.3.0/include
 /opt/apps/cuda/11.0.3/gcc/6.1.0/include
 /usr/lib/gcc/x86_64-redhat-linux/4.8.5/include
 /usr/local/include
 /usr/include
End of search list.
GNU C (GCC) version 4.8.5 20150623 (Red Hat 4.8.5-16) (x86_64-redhat-linux)
	compiled by GNU C version 4.8.5 20150623 (Red Hat 4.8.5-16), GMP version 6.0.0, MPFR version 3.1.1, MPC version 1.0.1
GGC heuristics: --param ggc-min-expand=100 --param ggc-min-heapsize=131072
Compiler executable checksum: 736b1aadaf81f25cb1bf513dfa32154f
COLLECT_GCC_OPTIONS='-v' '-c' '-o' 'CMakeFiles/cmTC_6a509.dir/CMakeCCompilerABI.c.o' '-mtune=generic' '-march=x86-64'
 as -v --64 -o CMakeFiles/cmTC_6a509.dir/CMakeCCompilerABI.c.o /tmp/cc2h2sut.s
GNU assembler version 2.25.1 (x86_64-redhat-linux) using BFD version version 2.25.1-32.base.el7_4.1 
COMPILER_PATH=/usr/libexec/gcc/x86_64-redhat-linux/4.8.5/:/usr/libexec/gcc/x86_64-redhat-linux/4.8.5/:/usr/libexec/gcc/x86_64-redhat-linux/:/usr/lib/gcc/x86_64-redhat-linux/4.8.5/:/usr/lib/gcc/x86_64-redhat-linux/
LIBRARY_PATH=/opt/apps/gcc/7.3.0/lib/../lib64/:/usr/lib/gcc/x86_64-redhat-linux/4.8.5/:/usr/lib/gcc/x86_64-redhat-linux/4.8.5/../../../../lib64/:/lib/../lib64/:/usr/lib/../lib64/:/opt/apps/boost/1.59.0_openmpi-1.10.1/lib/:/opt/apps/lapack/3.8.0/gcc/7.3.0/lib/:/opt/apps/blas/3.8.0/gcc/7.3.0/lib/:/opt/apps/python3/3.9.5/lib/:/opt/apps/gsl/2.1/lib/:/opt/apps/hdf5/1.10.6/gcc/7.3.0/openmpi/4.0.3/lib/:/opt/apps/openmpi/4.0.5/gcc/7.3.0/lib/:/opt/apps/gcc/7.3.0/lib/:/opt/apps/cuda/11.0.3/gcc/6.1.0/lib64/:/usr/lib/gcc/x86_64-redhat-linux/4.8.5/../../../:/lib/:/usr/lib/
COLLECT_GCC_OPTIONS='-v' '-c' '-o' 'CMakeFiles/cmTC_6a509.dir/CMakeCCompilerABI.c.o' '-mtune=generic' '-march=x86-64'
Linking C executable cmTC_c31e2
/home/daoce.wang/anaconda3/envs/cmake/bin/cmake -E cmake_link_script CMakeFiles/cmTC_c31e2.dir/link.txt --verbose=1
/usr/lib64/ccache/cc  -v -rdynamic CMakeFiles/cmTC_c31e2.dir/CMakeCCompilerABI.c.o -o cmTC_c31e2 
Using built-in specs.
COLLECT_GCC=/usr/bin/cc
COLLECT_LTO_WRAPPER=/usr/libexec/gcc/x86_64-redhat-linux/4.8.5/lto-wrapper
Target: x86_64-redhat-linux
Configured with: ../configure --prefix=/usr --mandir=/usr/share/man --infodir=/usr/share/info --with-bugurl=http://bugzilla.redhat.com/bugzilla --enable-bootstrap --enable-shared --enable-threads=posix --enable-checking=release --with-system-zlib --enable-__cxa_atexit --disable-libunwind-exceptions --enable-gnu-unique-object --enable-linker-build-id --with-linker-hash-style=gnu --enable-languages=c,c++,objc,obj-c++,java,fortran,ada,go,lto --enable-plugin --enable-initfini-array --disable-libgcj --with-isl=/builddir/build/BUILD/gcc-4.8.5-20150702/obj-x86_64-redhat-linux/isl-install --with-cloog=/builddir/build/BUILD/gcc-4.8.5-20150702/obj-x86_64-redhat-linux/cloog-install --enable-gnu-indirect-function --with-tune=generic --with-arch_32=x86-64 --build=x86_64-redhat-linux
Thread model: posix
gcc version 4.8.5 20150623 (Red Hat 4.8.5-16) (GCC) 
COMPILER_PATH=/usr/libexec/gcc/x86_64-redhat-linux/4.8.5/:/usr/libexec/gcc/x86_64-redhat-linux/4.8.5/:/usr/libexec/gcc/x86_64-redhat-linux/:/usr/lib/gcc/x86_64-redhat-linux/4.8.5/:/usr/lib/gcc/x86_64-redhat-linux/
LIBRARY_PATH=/opt/apps/gcc/7.3.0/lib/../lib64/:/usr/lib/gcc/x86_64-redhat-linux/4.8.5/:/usr/lib/gcc/x86_64-redhat-linux/4.8.5/../../../../lib64/:/lib/../lib64/:/usr/lib/../lib64/:/opt/apps/boost/1.59.0_openmpi-1.10.1/lib/:/opt/apps/lapack/3.8.0/gcc/7.3.0/lib/:/opt/apps/blas/3.8.0/gcc/7.3.0/lib/:/opt/apps/python3/3.9.5/lib/:/opt/apps/gsl/2.1/lib/:/opt/apps/hdf5/1.10.6/gcc/7.3.0/openmpi/4.0.3/lib/:/opt/apps/openmpi/4.0.5/gcc/7.3.0/lib/:/opt/apps/gcc/7.3.0/lib/:/opt/apps/cuda/11.0.3/gcc/6.1.0/lib64/:/usr/lib/gcc/x86_64-redhat-linux/4.8.5/../../../:/lib/:/usr/lib/
COLLECT_GCC_OPTIONS='-v' '-rdynamic' '-o' 'cmTC_c31e2' '-mtune=generic' '-march=x86-64'
 /usr/libexec/gcc/x86_64-redhat-linux/4.8.5/collect2 --build-id --no-add-needed --eh-frame-hdr --hash-style=gnu -m elf_x86_64 -export-dynamic -dynamic-linker /lib64/ld-linux-x86-64.so.2 -o cmTC_c31e2 /usr/lib/gcc/x86_64-redhat-linux/4.8.5/../../../../lib64/crt1.o /usr/lib/gcc/x86_64-redhat-linux/4.8.5/../../../../lib64/crti.o /usr/lib/gcc/x86_64-redhat-linux/4.8.5/crtbegin.o -L/opt/apps/gcc/7.3.0/lib/../lib64 -L/usr/lib/gcc/x86_64-redhat-linux/4.8.5 -L/usr/lib/gcc/x86_64-redhat-linux/4.8.5/../../../../lib64 -L/lib/../lib64 -L/usr/lib/../lib64 -L/opt/apps/boost/1.59.0_openmpi-1.10.1/lib -L/opt/apps/lapack/3.8.0/gcc/7.3.0/lib -L/opt/apps/blas/3.8.0/gcc/7.3.0/lib -L/opt/apps/python3/3.9.5/lib -L/opt/apps/gsl/2.1/lib -L/opt/apps/hdf5/1.10.6/gcc/7.3.0/openmpi/4.0.3/lib -L/opt/apps/openmpi/4.0.5/gcc/7.3.0/lib -L/opt/apps/gcc/7.3.0/lib -L/opt/apps/cuda/11.0.3/gcc/6.1.0/lib64 -L/usr/lib/gcc/x86_64-redhat-linux/4.8.5/../../.. CMakeFiles/cmTC_c31e2.dir/CMakeCCompilerABI.c.o -lgcc --as-needed -lgcc_s --no-as-needed -lc -lgcc --as-needed -lgcc_s --no-as-needed /usr/lib/gcc/x86_64-redhat-linux/4.8.5/crtend.o /usr/lib/gcc/x86_64-redhat-linux/4.8.5/../../../../lib64/crtn.o
gmake[1]: Leaving directory `/home/daoce.wang/develop/SZ_SLE/tools/H5Z-SZ3/CMakeFiles/CMakeTmp'



Parsed C implicit include dir info from above output: rv=done
  found start of include info
  found start of implicit include info
    add: [/opt/apps/boost/1.59.0_openmpi-1.10.1/include]
    add: [/opt/apps/lapack/3.8.0/gcc/7.3.0/include]
    add: [/opt/apps/blas/3.8.0/gcc/7.3.0/include]
    add: [/opt/apps/python3/3.9.5/include]
    add: [/opt/apps/gsl/2.1/include]
    add: [/opt/apps/hdf5/1.10.6/gcc/7.3.0/openmpi/4.0.3/include]
    add: [/opt/apps/openmpi/4.0.5/gcc/7.3.0/include]
    add: [/opt/apps/gcc/7.3.0/include]
    add: [/opt/apps/cuda/11.0.3/gcc/6.1.0/include]
    add: [/usr/lib/gcc/x86_64-redhat-linux/4.8.5/include]
    add: [/usr/local/include]
    add: [/usr/include]
  end of search list found
  collapse include dir [/opt/apps/boost/1.59.0_openmpi-1.10.1/include] ==> [/opt/apps/boost/1.59.0_openmpi-1.10.1/include]
  collapse include dir [/opt/apps/lapack/3.8.0/gcc/7.3.0/include] ==> [/opt/apps/lapack/3.8.0/gcc/7.3.0/include]
  collapse include dir [/opt/apps/blas/3.8.0/gcc/7.3.0/include] ==> [/opt/apps/blas/3.8.0/gcc/7.3.0/include]
  collapse include dir [/opt/apps/python3/3.9.5/include] ==> [/opt/apps/python3/3.9.5/include]
  collapse include dir [/opt/apps/gsl/2.1/include] ==> [/opt/apps/gsl/2.1/include]
  collapse include dir [/opt/apps/hdf5/1.10.6/gcc/7.3.0/openmpi/4.0.3/include] ==> [/opt/apps/hdf5/1.10.6/gcc/7.3.0/openmpi/4.0.3/include]
  collapse include dir [/opt/apps/openmpi/4.0.5/gcc/7.3.0/include] ==> [/opt/apps/openmpi/4.0.5/gcc/7.3.0/include]
  collapse include dir [/opt/apps/gcc/7.3.0/include] ==> [/opt/apps/gcc/7.3.0/include]
  collapse include dir [/opt/apps/cuda/11.0.3/gcc/6.1.0/include] ==> [/opt/apps/cuda/11.0.3/gcc/6.1.0/include]
  collapse include dir [/usr/lib/gcc/x86_64-redhat-linux/4.8.5/include] ==> [/usr/lib/gcc/x86_64-redhat-linux/4.8.5/include]
  collapse include dir [/usr/local/include] ==> [/usr/local/include]
  collapse include dir [/usr/include] ==> [/usr/include]
  implicit include dirs: [/opt/apps/boost/1.59.0_openmpi-1.10.1/include;/opt/apps/lapack/3.8.0/gcc/7.3.0/include;/opt/apps/blas/3.8.0/gcc/7.3.0/include;/opt/apps/python3/3.9.5/include;/opt/apps/gsl/2.1/include;/opt/apps/hdf5/1.10.6/gcc/7.3.0/openmpi/4.0.3/include;/opt/apps/openmpi/4.0.5/gcc/7.3.0/include;/opt/apps/gcc/7.3.0/include;/opt/apps/cuda/11.0.3/gcc/6.1.0/include;/usr/lib/gcc/x86_64-redhat-linux/4.8.5/include;/usr/local/include;/usr/include]


Parsed C implicit link information from above output:
  link line regex: [^( *|.*[/\])(ld|CMAKE_LINK_STARTFILE-NOTFOUND|([^/\]+-)?ld|collect2)[^/\]*( |$)]
  ignore line: [Change Dir: /home/daoce.wang/develop/SZ_SLE/tools/H5Z-SZ3/CMakeFiles/CMakeTmp]
  ignore line: []
  ignore line: [Run Build Command(s):/usr/bin/gmake -f Makefile cmTC_c31e2/fast && /usr/bin/gmake  -f CMakeFiles/cmTC_c31e2.dir/build.make CMakeFiles/cmTC_c31e2.dir/build]
  ignore line: [gmake[1]: Entering directory `/home/daoce.wang/develop/SZ_SLE/tools/H5Z-SZ3/CMakeFiles/CMakeTmp']
  ignore line: [Building C object CMakeFiles/cmTC_c31e2.dir/CMakeCCompilerABI.c.o]
  ignore line: [/usr/lib64/ccache/cc   -v -o CMakeFiles/cmTC_c31e2.dir/CMakeCCompilerABI.c.o -c /home/daoce.wang/anaconda3/envs/cmake/share/cmake-3.22/Modules/CMakeCCompilerABI.c]
  ignore line: [Using built-in specs.]
  ignore line: [COLLECT_GCC=/usr/bin/cc]
  ignore line: [Target: x86_64-redhat-linux]
  ignore line: [Configured with: ../configure --prefix=/usr --mandir=/usr/share/man --infodir=/usr/share/info --with-bugurl=http://bugzilla.redhat.com/bugzilla --enable-bootstrap --enable-shared --enable-threads=posix --enable-checking=release --with-system-zlib --enable-__cxa_atexit --disable-libunwind-exceptions --enable-gnu-unique-object --enable-linker-build-id --with-linker-hash-style=gnu --enable-languages=c c++ objc obj-c++ java fortran ada go lto --enable-plugin --enable-initfini-array --disable-libgcj --with-isl=/builddir/build/BUILD/gcc-4.8.5-20150702/obj-x86_64-redhat-linux/isl-install --with-cloog=/builddir/build/BUILD/gcc-4.8.5-20150702/obj-x86_64-redhat-linux/cloog-install --enable-gnu-indirect-function --with-tune=generic --with-arch_32=x86-64 --build=x86_64-redhat-linux]
  ignore line: [Thread model: posix]
  ignore line: [gcc version 4.8.5 20150623 (Red Hat 4.8.5-16) (GCC) ]
  ignore line: [COLLECT_GCC_OPTIONS='-v' '-c' '-o' 'CMakeFiles/cmTC_6a509.dir/CMakeCCompilerABI.c.o' '-mtune=generic' '-march=x86-64']
  ignore line: [ /usr/libexec/gcc/x86_64-redhat-linux/4.8.5/cc1 -quiet -v /home/daoce.wang/anaconda3/envs/cmake/share/cmake-3.22/Modules/CMakeCCompilerABI.c -quiet -dumpbase CMakeCCompilerABI.c -mtune=generic -march=x86-64 -auxbase-strip CMakeFiles/cmTC_6a509.dir/CMakeCCompilerABI.c.o -version -o /tmp/cc2h2sut.s]
  ignore line: [GNU C (GCC) version 4.8.5 20150623 (Red Hat 4.8.5-16) (x86_64-redhat-linux)]
  ignore line: [	compiled by GNU C version 4.8.5 20150623 (Red Hat 4.8.5-16)  GMP version 6.0.0  MPFR version 3.1.1  MPC version 1.0.1]
  ignore line: [GGC heuristics: --param ggc-min-expand=100 --param ggc-min-heapsize=131072]
  ignore line: [ignoring nonexistent directory "/usr/lib/gcc/x86_64-redhat-linux/4.8.5/include-fixed"]
  ignore line: [ignoring nonexistent directory "/usr/lib/gcc/x86_64-redhat-linux/4.8.5/../../../../x86_64-redhat-linux/include"]
  ignore line: [#include "..." search starts here:]
  ignore line: [#include <...> search starts here:]
  ignore line: [ /opt/apps/boost/1.59.0_openmpi-1.10.1/include]
  ignore line: [ /opt/apps/lapack/3.8.0/gcc/7.3.0/include]
  ignore line: [ /opt/apps/blas/3.8.0/gcc/7.3.0/include]
  ignore line: [ /opt/apps/python3/3.9.5/include]
  ignore line: [ /opt/apps/gsl/2.1/include]
  ignore line: [ /opt/apps/hdf5/1.10.6/gcc/7.3.0/openmpi/4.0.3/include]
  ignore line: [ /opt/apps/openmpi/4.0.5/gcc/7.3.0/include]
  ignore line: [ /opt/apps/gcc/7.3.0/include]
  ignore line: [ /opt/apps/cuda/11.0.3/gcc/6.1.0/include]
  ignore line: [ /usr/lib/gcc/x86_64-redhat-linux/4.8.5/include]
  ignore line: [ /usr/local/include]
  ignore line: [ /usr/include]
  ignore line: [End of search list.]
  ignore line: [GNU C (GCC) version 4.8.5 20150623 (Red Hat 4.8.5-16) (x86_64-redhat-linux)]
  ignore line: [	compiled by GNU C version 4.8.5 20150623 (Red Hat 4.8.5-16)  GMP version 6.0.0  MPFR version 3.1.1  MPC version 1.0.1]
  ignore line: [GGC heuristics: --param ggc-min-expand=100 --param ggc-min-heapsize=131072]
  ignore line: [Compiler executable checksum: 736b1aadaf81f25cb1bf513dfa32154f]
  ignore line: [COLLECT_GCC_OPTIONS='-v' '-c' '-o' 'CMakeFiles/cmTC_6a509.dir/CMakeCCompilerABI.c.o' '-mtune=generic' '-march=x86-64']
  ignore line: [ as -v --64 -o CMakeFiles/cmTC_6a509.dir/CMakeCCompilerABI.c.o /tmp/cc2h2sut.s]
  ignore line: [GNU assembler version 2.25.1 (x86_64-redhat-linux) using BFD version version 2.25.1-32.base.el7_4.1 ]
  ignore line: [COMPILER_PATH=/usr/libexec/gcc/x86_64-redhat-linux/4.8.5/:/usr/libexec/gcc/x86_64-redhat-linux/4.8.5/:/usr/libexec/gcc/x86_64-redhat-linux/:/usr/lib/gcc/x86_64-redhat-linux/4.8.5/:/usr/lib/gcc/x86_64-redhat-linux/]
  ignore line: [LIBRARY_PATH=/opt/apps/gcc/7.3.0/lib/../lib64/:/usr/lib/gcc/x86_64-redhat-linux/4.8.5/:/usr/lib/gcc/x86_64-redhat-linux/4.8.5/../../../../lib64/:/lib/../lib64/:/usr/lib/../lib64/:/opt/apps/boost/1.59.0_openmpi-1.10.1/lib/:/opt/apps/lapack/3.8.0/gcc/7.3.0/lib/:/opt/apps/blas/3.8.0/gcc/7.3.0/lib/:/opt/apps/python3/3.9.5/lib/:/opt/apps/gsl/2.1/lib/:/opt/apps/hdf5/1.10.6/gcc/7.3.0/openmpi/4.0.3/lib/:/opt/apps/openmpi/4.0.5/gcc/7.3.0/lib/:/opt/apps/gcc/7.3.0/lib/:/opt/apps/cuda/11.0.3/gcc/6.1.0/lib64/:/usr/lib/gcc/x86_64-redhat-linux/4.8.5/../../../:/lib/:/usr/lib/]
  ignore line: [COLLECT_GCC_OPTIONS='-v' '-c' '-o' 'CMakeFiles/cmTC_6a509.dir/CMakeCCompilerABI.c.o' '-mtune=generic' '-march=x86-64']
  ignore line: [Linking C executable cmTC_c31e2]
  ignore line: [/home/daoce.wang/anaconda3/envs/cmake/bin/cmake -E cmake_link_script CMakeFiles/cmTC_c31e2.dir/link.txt --verbose=1]
  ignore line: [/usr/lib64/ccache/cc  -v -rdynamic CMakeFiles/cmTC_c31e2.dir/CMakeCCompilerABI.c.o -o cmTC_c31e2 ]
  ignore line: [Using built-in specs.]
  ignore line: [COLLECT_GCC=/usr/bin/cc]
  ignore line: [COLLECT_LTO_WRAPPER=/usr/libexec/gcc/x86_64-redhat-linux/4.8.5/lto-wrapper]
  ignore line: [Target: x86_64-redhat-linux]
  ignore line: [Configured with: ../configure --prefix=/usr --mandir=/usr/share/man --infodir=/usr/share/info --with-bugurl=http://bugzilla.redhat.com/bugzilla --enable-bootstrap --enable-shared --enable-threads=posix --enable-checking=release --with-system-zlib --enable-__cxa_atexit --disable-libunwind-exceptions --enable-gnu-unique-object --enable-linker-build-id --with-linker-hash-style=gnu --enable-languages=c c++ objc obj-c++ java fortran ada go lto --enable-plugin --enable-initfini-array --disable-libgcj --with-isl=/builddir/build/BUILD/gcc-4.8.5-20150702/obj-x86_64-redhat-linux/isl-install --with-cloog=/builddir/build/BUILD/gcc-4.8.5-20150702/obj-x86_64-redhat-linux/cloog-install --enable-gnu-indirect-function --with-tune=generic --with-arch_32=x86-64 --build=x86_64-redhat-linux]
  ignore line: [Thread model: posix]
  ignore line: [gcc version 4.8.5 20150623 (Red Hat 4.8.5-16) (GCC) ]
  ignore line: [COMPILER_PATH=/usr/libexec/gcc/x86_64-redhat-linux/4.8.5/:/usr/libexec/gcc/x86_64-redhat-linux/4.8.5/:/usr/libexec/gcc/x86_64-redhat-linux/:/usr/lib/gcc/x86_64-redhat-linux/4.8.5/:/usr/lib/gcc/x86_64-redhat-linux/]
  ignore line: [LIBRARY_PATH=/opt/apps/gcc/7.3.0/lib/../lib64/:/usr/lib/gcc/x86_64-redhat-linux/4.8.5/:/usr/lib/gcc/x86_64-redhat-linux/4.8.5/../../../../lib64/:/lib/../lib64/:/usr/lib/../lib64/:/opt/apps/boost/1.59.0_openmpi-1.10.1/lib/:/opt/apps/lapack/3.8.0/gcc/7.3.0/lib/:/opt/apps/blas/3.8.0/gcc/7.3.0/lib/:/opt/apps/python3/3.9.5/lib/:/opt/apps/gsl/2.1/lib/:/opt/apps/hdf5/1.10.6/gcc/7.3.0/openmpi/4.0.3/lib/:/opt/apps/openmpi/4.0.5/gcc/7.3.0/lib/:/opt/apps/gcc/7.3.0/lib/:/opt/apps/cuda/11.0.3/gcc/6.1.0/lib64/:/usr/lib/gcc/x86_64-redhat-linux/4.8.5/../../../:/lib/:/usr/lib/]
  ignore line: [COLLECT_GCC_OPTIONS='-v' '-rdynamic' '-o' 'cmTC_c31e2' '-mtune=generic' '-march=x86-64']
  link line: [ /usr/libexec/gcc/x86_64-redhat-linux/4.8.5/collect2 --build-id --no-add-needed --eh-frame-hdr --hash-style=gnu -m elf_x86_64 -export-dynamic -dynamic-linker /lib64/ld-linux-x86-64.so.2 -o cmTC_c31e2 /usr/lib/gcc/x86_64-redhat-linux/4.8.5/../../../../lib64/crt1.o /usr/lib/gcc/x86_64-redhat-linux/4.8.5/../../../../lib64/crti.o /usr/lib/gcc/x86_64-redhat-linux/4.8.5/crtbegin.o -L/opt/apps/gcc/7.3.0/lib/../lib64 -L/usr/lib/gcc/x86_64-redhat-linux/4.8.5 -L/usr/lib/gcc/x86_64-redhat-linux/4.8.5/../../../../lib64 -L/lib/../lib64 -L/usr/lib/../lib64 -L/opt/apps/boost/1.59.0_openmpi-1.10.1/lib -L/opt/apps/lapack/3.8.0/gcc/7.3.0/lib -L/opt/apps/blas/3.8.0/gcc/7.3.0/lib -L/opt/apps/python3/3.9.5/lib -L/opt/apps/gsl/2.1/lib -L/opt/apps/hdf5/1.10.6/gcc/7.3.0/openmpi/4.0.3/lib -L/opt/apps/openmpi/4.0.5/gcc/7.3.0/lib -L/opt/apps/gcc/7.3.0/lib -L/opt/apps/cuda/11.0.3/gcc/6.1.0/lib64 -L/usr/lib/gcc/x86_64-redhat-linux/4.8.5/../../.. CMakeFiles/cmTC_c31e2.dir/CMakeCCompilerABI.c.o -lgcc --as-needed -lgcc_s --no-as-needed -lc -lgcc --as-needed -lgcc_s --no-as-needed /usr/lib/gcc/x86_64-redhat-linux/4.8.5/crtend.o /usr/lib/gcc/x86_64-redhat-linux/4.8.5/../../../../lib64/crtn.o]
    arg [/usr/libexec/gcc/x86_64-redhat-linux/4.8.5/collect2] ==> ignore
    arg [--build-id] ==> ignore
    arg [--no-add-needed] ==> ignore
    arg [--eh-frame-hdr] ==> ignore
    arg [--hash-style=gnu] ==> ignore
    arg [-m] ==> ignore
    arg [elf_x86_64] ==> ignore
    arg [-export-dynamic] ==> ignore
    arg [-dynamic-linker] ==> ignore
    arg [/lib64/ld-linux-x86-64.so.2] ==> ignore
    arg [-o] ==> ignore
    arg [cmTC_c31e2] ==> ignore
    arg [/usr/lib/gcc/x86_64-redhat-linux/4.8.5/../../../../lib64/crt1.o] ==> obj [/usr/lib/gcc/x86_64-redhat-linux/4.8.5/../../../../lib64/crt1.o]
    arg [/usr/lib/gcc/x86_64-redhat-linux/4.8.5/../../../../lib64/crti.o] ==> obj [/usr/lib/gcc/x86_64-redhat-linux/4.8.5/../../../../lib64/crti.o]
    arg [/usr/lib/gcc/x86_64-redhat-linux/4.8.5/crtbegin.o] ==> obj [/usr/lib/gcc/x86_64-redhat-linux/4.8.5/crtbegin.o]
    arg [-L/opt/apps/gcc/7.3.0/lib/../lib64] ==> dir [/opt/apps/gcc/7.3.0/lib/../lib64]
    arg [-L/usr/lib/gcc/x86_64-redhat-linux/4.8.5] ==> dir [/usr/lib/gcc/x86_64-redhat-linux/4.8.5]
    arg [-L/usr/lib/gcc/x86_64-redhat-linux/4.8.5/../../../../lib64] ==> dir [/usr/lib/gcc/x86_64-redhat-linux/4.8.5/../../../../lib64]
    arg [-L/lib/../lib64] ==> dir [/lib/../lib64]
    arg [-L/usr/lib/../lib64] ==> dir [/usr/lib/../lib64]
    arg [-L/opt/apps/boost/1.59.0_openmpi-1.10.1/lib] ==> dir [/opt/apps/boost/1.59.0_openmpi-1.10.1/lib]
    arg [-L/opt/apps/lapack/3.8.0/gcc/7.3.0/lib] ==> dir [/opt/apps/lapack/3.8.0/gcc/7.3.0/lib]
    arg [-L/opt/apps/blas/3.8.0/gcc/7.3.0/lib] ==> dir [/opt/apps/blas/3.8.0/gcc/7.3.0/lib]
    arg [-L/opt/apps/python3/3.9.5/lib] ==> dir [/opt/apps/python3/3.9.5/lib]
    arg [-L/opt/apps/gsl/2.1/lib] ==> dir [/opt/apps/gsl/2.1/lib]
    arg [-L/opt/apps/hdf5/1.10.6/gcc/7.3.0/openmpi/4.0.3/lib] ==> dir [/opt/apps/hdf5/1.10.6/gcc/7.3.0/openmpi/4.0.3/lib]
    arg [-L/opt/apps/openmpi/4.0.5/gcc/7.3.0/lib] ==> dir [/opt/apps/openmpi/4.0.5/gcc/7.3.0/lib]
    arg [-L/opt/apps/gcc/7.3.0/lib] ==> dir [/opt/apps/gcc/7.3.0/lib]
    arg [-L/opt/apps/cuda/11.0.3/gcc/6.1.0/lib64] ==> dir [/opt/apps/cuda/11.0.3/gcc/6.1.0/lib64]
    arg [-L/usr/lib/gcc/x86_64-redhat-linux/4.8.5/../../..] ==> dir [/usr/lib/gcc/x86_64-redhat-linux/4.8.5/../../..]
    arg [CMakeFiles/cmTC_c31e2.dir/CMakeCCompilerABI.c.o] ==> ignore
    arg [-lgcc] ==> lib [gcc]
    arg [--as-needed] ==> ignore
    arg [-lgcc_s] ==> lib [gcc_s]
    arg [--no-as-needed] ==> ignore
    arg [-lc] ==> lib [c]
    arg [-lgcc] ==> lib [gcc]
    arg [--as-needed] ==> ignore
    arg [-lgcc_s] ==> lib [gcc_s]
    arg [--no-as-needed] ==> ignore
    arg [/usr/lib/gcc/x86_64-redhat-linux/4.8.5/crtend.o] ==> obj [/usr/lib/gcc/x86_64-redhat-linux/4.8.5/crtend.o]
    arg [/usr/lib/gcc/x86_64-redhat-linux/4.8.5/../../../../lib64/crtn.o] ==> obj [/usr/lib/gcc/x86_64-redhat-linux/4.8.5/../../../../lib64/crtn.o]
  collapse obj [/usr/lib/gcc/x86_64-redhat-linux/4.8.5/../../../../lib64/crt1.o] ==> [/usr/lib64/crt1.o]
  collapse obj [/usr/lib/gcc/x86_64-redhat-linux/4.8.5/../../../../lib64/crti.o] ==> [/usr/lib64/crti.o]
  collapse obj [/usr/lib/gcc/x86_64-redhat-linux/4.8.5/../../../../lib64/crtn.o] ==> [/usr/lib64/crtn.o]
  collapse library dir [/opt/apps/gcc/7.3.0/lib/../lib64] ==> [/opt/apps/gcc/7.3.0/lib64]
  collapse library dir [/usr/lib/gcc/x86_64-redhat-linux/4.8.5] ==> [/usr/lib/gcc/x86_64-redhat-linux/4.8.5]
  collapse library dir [/usr/lib/gcc/x86_64-redhat-linux/4.8.5/../../../../lib64] ==> [/usr/lib64]
  collapse library dir [/lib/../lib64] ==> [/lib64]
  collapse library dir [/usr/lib/../lib64] ==> [/usr/lib64]
  collapse library dir [/opt/apps/boost/1.59.0_openmpi-1.10.1/lib] ==> [/opt/apps/boost/1.59.0_openmpi-1.10.1/lib]
  collapse library dir [/opt/apps/lapack/3.8.0/gcc/7.3.0/lib] ==> [/opt/apps/lapack/3.8.0/gcc/7.3.0/lib]
  collapse library dir [/opt/apps/blas/3.8.0/gcc/7.3.0/lib] ==> [/opt/apps/blas/3.8.0/gcc/7.3.0/lib]
  collapse library dir [/opt/apps/python3/3.9.5/lib] ==> [/opt/apps/python3/3.9.5/lib]
  collapse library dir [/opt/apps/gsl/2.1/lib] ==> [/opt/apps/gsl/2.1/lib]
  collapse library dir [/opt/apps/hdf5/1.10.6/gcc/7.3.0/openmpi/4.0.3/lib] ==> [/opt/apps/hdf5/1.10.6/gcc/7.3.0/openmpi/4.0.3/lib]
  collapse library dir [/opt/apps/openmpi/4.0.5/gcc/7.3.0/lib] ==> [/opt/apps/openmpi/4.0.5/gcc/7.3.0/lib]
  collapse library dir [/opt/apps/gcc/7.3.0/lib] ==> [/opt/apps/gcc/7.3.0/lib]
  collapse library dir [/opt/apps/cuda/11.0.3/gcc/6.1.0/lib64] ==> [/opt/apps/cuda/11.0.3/gcc/6.1.0/lib64]
  collapse library dir [/usr/lib/gcc/x86_64-redhat-linux/4.8.5/../../..] ==> [/usr/lib]
  implicit libs: [gcc;gcc_s;c;gcc;gcc_s]
  implicit objs: [/usr/lib64/crt1.o;/usr/lib64/crti.o;/usr/lib/gcc/x86_64-redhat-linux/4.8.5/crtbegin.o;/usr/lib/gcc/x86_64-redhat-linux/4.8.5/crtend.o;/usr/lib64/crtn.o]
  implicit dirs: [/opt/apps/gcc/7.3.0/lib64;/usr/lib/gcc/x86_64-redhat-linux/4.8.5;/usr/lib64;/lib64;/opt/apps/boost/1.59.0_openmpi-1.10.1/lib;/opt/apps/lapack/3.8.0/gcc/7.3.0/lib;/opt/apps/blas/3.8.0/gcc/7.3.0/lib;/opt/apps/python3/3.9.5/lib;/opt/apps/gsl/2.1/lib;/opt/apps/hdf5/1.10.6/gcc/7.3.0/openmpi/4.0.3/lib;/opt/apps/openmpi/4.0.5/gcc/7.3.0/lib;/opt/apps/gcc/7.3.0/lib;/opt/apps/cuda/11.0.3/gcc/6.1.0/lib64;/usr/lib]
  implicit fwks: []


Detecting CXX compiler ABI info compiled with the following output:
Change Dir: /home/daoce.wang/develop/SZ_SLE/tools/H5Z-SZ3/CMakeFiles/CMakeTmp

Run Build Command(s):/usr/bin/gmake -f Makefile cmTC_ea15d/fast && /usr/bin/gmake  -f CMakeFiles/cmTC_ea15d.dir/build.make CMakeFiles/cmTC_ea15d.dir/build
gmake[1]: Entering directory `/home/daoce.wang/develop/SZ_SLE/tools/H5Z-SZ3/CMakeFiles/CMakeTmp'
Building CXX object CMakeFiles/cmTC_ea15d.dir/CMakeCXXCompilerABI.cpp.o
/usr/lib64/ccache/c++   -v -o CMakeFiles/cmTC_ea15d.dir/CMakeCXXCompilerABI.cpp.o -c /home/daoce.wang/anaconda3/envs/cmake/share/cmake-3.22/Modules/CMakeCXXCompilerABI.cpp
Using built-in specs.
COLLECT_GCC=/opt/apps/gcc/7.3.0/bin/c++
Target: x86_64-pc-linux-gnu
Configured with: ./configure --prefix=/opt/apps/gcc/7.3.0 --disable-multilib
Thread model: posix
gcc version 7.3.0 (GCC) 
COLLECT_GCC_OPTIONS='-v' '-c' '-o' 'CMakeFiles/cmTC_b6a19.dir/CMakeCXXCompilerABI.cpp.o' '-shared-libgcc' '-mtune=generic' '-march=x86-64'
 /weka/apps/gcc/7.3.0/bin/../libexec/gcc/x86_64-pc-linux-gnu/7.3.0/cc1plus -quiet -v -iprefix /weka/apps/gcc/7.3.0/bin/../lib/gcc/x86_64-pc-linux-gnu/7.3.0/ -D_GNU_SOURCE /home/daoce.wang/anaconda3/envs/cmake/share/cmake-3.22/Modules/CMakeCXXCompilerABI.cpp -quiet -dumpbase CMakeCXXCompilerABI.cpp -mtune=generic -march=x86-64 -auxbase-strip CMakeFiles/cmTC_b6a19.dir/CMakeCXXCompilerABI.cpp.o -version -o /tmp/ccD7UQcW.s
GNU C++14 (GCC) version 7.3.0 (x86_64-pc-linux-gnu)
	compiled by GNU C version 7.3.0, GMP version 6.0.0, MPFR version 3.1.1, MPC version 1.0.1, isl version none
GGC heuristics: --param ggc-min-expand=100 --param ggc-min-heapsize=131072
ignoring nonexistent directory "/weka/apps/gcc/7.3.0/bin/../lib/gcc/x86_64-pc-linux-gnu/7.3.0/../../../../x86_64-pc-linux-gnu/include"
ignoring duplicate directory "/weka/apps/gcc/7.3.0/bin/../lib/gcc/../../lib/gcc/x86_64-pc-linux-gnu/7.3.0/../../../../include/c++/7.3.0"
ignoring duplicate directory "/weka/apps/gcc/7.3.0/bin/../lib/gcc/../../lib/gcc/x86_64-pc-linux-gnu/7.3.0/../../../../include/c++/7.3.0/x86_64-pc-linux-gnu"
ignoring duplicate directory "/weka/apps/gcc/7.3.0/bin/../lib/gcc/../../lib/gcc/x86_64-pc-linux-gnu/7.3.0/../../../../include/c++/7.3.0/backward"
ignoring duplicate directory "/weka/apps/gcc/7.3.0/bin/../lib/gcc/../../lib/gcc/x86_64-pc-linux-gnu/7.3.0/include"
ignoring duplicate directory "/weka/apps/gcc/7.3.0/bin/../lib/gcc/../../lib/gcc/x86_64-pc-linux-gnu/7.3.0/include-fixed"
ignoring nonexistent directory "/weka/apps/gcc/7.3.0/bin/../lib/gcc/../../lib/gcc/x86_64-pc-linux-gnu/7.3.0/../../../../x86_64-pc-linux-gnu/include"
ignoring duplicate directory "/opt/apps/gcc/7.3.0/include"
  as it is a non-system directory that duplicates a system directory
#include "..." search starts here:
#include <...> search starts here:
 /opt/apps/boost/1.59.0_openmpi-1.10.1/include
 /opt/apps/lapack/3.8.0/gcc/7.3.0/include
 /opt/apps/blas/3.8.0/gcc/7.3.0/include
 /opt/apps/python3/3.9.5/include
 /opt/apps/gsl/2.1/include
 /opt/apps/hdf5/1.10.6/gcc/7.3.0/openmpi/4.0.3/include
 /opt/apps/openmpi/4.0.5/gcc/7.3.0/include
 /opt/apps/cuda/11.0.3/gcc/6.1.0/include
 /opt/apps/cuda/11.0.3/gcc/6.1.0/samples/common/inc
 /weka/apps/gcc/7.3.0/bin/../lib/gcc/x86_64-pc-linux-gnu/7.3.0/../../../../include/c++/7.3.0
 /weka/apps/gcc/7.3.0/bin/../lib/gcc/x86_64-pc-linux-gnu/7.3.0/../../../../include/c++/7.3.0/x86_64-pc-linux-gnu
 /weka/apps/gcc/7.3.0/bin/../lib/gcc/x86_64-pc-linux-gnu/7.3.0/../../../../include/c++/7.3.0/backward
 /weka/apps/gcc/7.3.0/bin/../lib/gcc/x86_64-pc-linux-gnu/7.3.0/include
 /weka/apps/gcc/7.3.0/bin/../lib/gcc/x86_64-pc-linux-gnu/7.3.0/include-fixed
 /usr/local/include
 /weka/apps/gcc/7.3.0/bin/../lib/gcc/../../include
 /usr/include
End of search list.
GNU C++14 (GCC) version 7.3.0 (x86_64-pc-linux-gnu)
	compiled by GNU C version 7.3.0, GMP version 6.0.0, MPFR version 3.1.1, MPC version 1.0.1, isl version none
GGC heuristics: --param ggc-min-expand=100 --param ggc-min-heapsize=131072
Compiler executable checksum: 91a0bd93b4534393ac4c82659429ef91
COLLECT_GCC_OPTIONS='-v' '-c' '-o' 'CMakeFiles/cmTC_b6a19.dir/CMakeCXXCompilerABI.cpp.o' '-shared-libgcc' '-mtune=generic' '-march=x86-64'
 as -v --64 -o CMakeFiles/cmTC_b6a19.dir/CMakeCXXCompilerABI.cpp.o /tmp/ccD7UQcW.s
GNU assembler version 2.25.1 (x86_64-redhat-linux) using BFD version version 2.25.1-32.base.el7_4.1 
COMPILER_PATH=/weka/apps/gcc/7.3.0/bin/../libexec/gcc/x86_64-pc-linux-gnu/7.3.0/:/weka/apps/gcc/7.3.0/bin/../libexec/gcc/
LIBRARY_PATH=/weka/apps/gcc/7.3.0/bin/../lib/gcc/x86_64-pc-linux-gnu/7.3.0/:/weka/apps/gcc/7.3.0/bin/../lib/gcc/:/opt/apps/gcc/7.3.0/lib/../lib64/:/weka/apps/gcc/7.3.0/bin/../lib/gcc/x86_64-pc-linux-gnu/7.3.0/../../../../lib64/:/lib/../lib64/:/usr/lib/../lib64/:/opt/apps/boost/1.59.0_openmpi-1.10.1/lib/:/opt/apps/lapack/3.8.0/gcc/7.3.0/lib/:/opt/apps/blas/3.8.0/gcc/7.3.0/lib/:/opt/apps/python3/3.9.5/lib/:/opt/apps/gsl/2.1/lib/:/opt/apps/hdf5/1.10.6/gcc/7.3.0/openmpi/4.0.3/lib/:/opt/apps/openmpi/4.0.5/gcc/7.3.0/lib/:/opt/apps/gcc/7.3.0/lib/:/opt/apps/cuda/11.0.3/gcc/6.1.0/lib64/:/weka/apps/gcc/7.3.0/bin/../lib/gcc/x86_64-pc-linux-gnu/7.3.0/../../../:/lib/:/usr/lib/
COLLECT_GCC_OPTIONS='-v' '-c' '-o' 'CMakeFiles/cmTC_b6a19.dir/CMakeCXXCompilerABI.cpp.o' '-shared-libgcc' '-mtune=generic' '-march=x86-64'
Linking CXX executable cmTC_ea15d
/home/daoce.wang/anaconda3/envs/cmake/bin/cmake -E cmake_link_script CMakeFiles/cmTC_ea15d.dir/link.txt --verbose=1
/usr/lib64/ccache/c++  -v -rdynamic CMakeFiles/cmTC_ea15d.dir/CMakeCXXCompilerABI.cpp.o -o cmTC_ea15d 
Using built-in specs.
COLLECT_GCC=/opt/apps/gcc/7.3.0/bin/c++
COLLECT_LTO_WRAPPER=/weka/apps/gcc/7.3.0/bin/../libexec/gcc/x86_64-pc-linux-gnu/7.3.0/lto-wrapper
Target: x86_64-pc-linux-gnu
Configured with: ./configure --prefix=/opt/apps/gcc/7.3.0 --disable-multilib
Thread model: posix
gcc version 7.3.0 (GCC) 
COMPILER_PATH=/weka/apps/gcc/7.3.0/bin/../libexec/gcc/x86_64-pc-linux-gnu/7.3.0/:/weka/apps/gcc/7.3.0/bin/../libexec/gcc/
LIBRARY_PATH=/weka/apps/gcc/7.3.0/bin/../lib/gcc/x86_64-pc-linux-gnu/7.3.0/:/weka/apps/gcc/7.3.0/bin/../lib/gcc/:/opt/apps/gcc/7.3.0/lib/../lib64/:/weka/apps/gcc/7.3.0/bin/../lib/gcc/x86_64-pc-linux-gnu/7.3.0/../../../../lib64/:/lib/../lib64/:/usr/lib/../lib64/:/opt/apps/boost/1.59.0_openmpi-1.10.1/lib/:/opt/apps/lapack/3.8.0/gcc/7.3.0/lib/:/opt/apps/blas/3.8.0/gcc/7.3.0/lib/:/opt/apps/python3/3.9.5/lib/:/opt/apps/gsl/2.1/lib/:/opt/apps/hdf5/1.10.6/gcc/7.3.0/openmpi/4.0.3/lib/:/opt/apps/openmpi/4.0.5/gcc/7.3.0/lib/:/opt/apps/gcc/7.3.0/lib/:/opt/apps/cuda/11.0.3/gcc/6.1.0/lib64/:/weka/apps/gcc/7.3.0/bin/../lib/gcc/x86_64-pc-linux-gnu/7.3.0/../../../:/lib/:/usr/lib/
COLLECT_GCC_OPTIONS='-v' '-rdynamic' '-o' 'cmTC_ea15d' '-shared-libgcc' '-mtune=generic' '-march=x86-64'
 /weka/apps/gcc/7.3.0/bin/../libexec/gcc/x86_64-pc-linux-gnu/7.3.0/collect2 -plugin /weka/apps/gcc/7.3.0/bin/../libexec/gcc/x86_64-pc-linux-gnu/7.3.0/liblto_plugin.so -plugin-opt=/weka/apps/gcc/7.3.0/bin/../libexec/gcc/x86_64-pc-linux-gnu/7.3.0/lto-wrapper -plugin-opt=-fresolution=/tmp/ccWiRewG.res -plugin-opt=-pass-through=-lgcc_s -plugin-opt=-pass-through=-lgcc -plugin-opt=-pass-through=-lc -plugin-opt=-pass-through=-lgcc_s -plugin-opt=-pass-through=-lgcc --eh-frame-hdr -m elf_x86_64 -export-dynamic -dynamic-linker /lib64/ld-linux-x86-64.so.2 -o cmTC_ea15d /lib/../lib64/crt1.o /lib/../lib64/crti.o /weka/apps/gcc/7.3.0/bin/../lib/gcc/x86_64-pc-linux-gnu/7.3.0/crtbegin.o -L/weka/apps/gcc/7.3.0/bin/../lib/gcc/x86_64-pc-linux-gnu/7.3.0 -L/weka/apps/gcc/7.3.0/bin/../lib/gcc -L/opt/apps/gcc/7.3.0/lib/../lib64 -L/weka/apps/gcc/7.3.0/bin/../lib/gcc/x86_64-pc-linux-gnu/7.3.0/../../../../lib64 -L/lib/../lib64 -L/usr/lib/../lib64 -L/opt/apps/boost/1.59.0_openmpi-1.10.1/lib -L/opt/apps/lapack/3.8.0/gcc/7.3.0/lib -L/opt/apps/blas/3.8.0/gcc/7.3.0/lib -L/opt/apps/python3/3.9.5/lib -L/opt/apps/gsl/2.1/lib -L/opt/apps/hdf5/1.10.6/gcc/7.3.0/openmpi/4.0.3/lib -L/opt/apps/openmpi/4.0.5/gcc/7.3.0/lib -L/opt/apps/gcc/7.3.0/lib -L/opt/apps/cuda/11.0.3/gcc/6.1.0/lib64 -L/weka/apps/gcc/7.3.0/bin/../lib/gcc/x86_64-pc-linux-gnu/7.3.0/../../.. CMakeFiles/cmTC_ea15d.dir/CMakeCXXCompilerABI.cpp.o -lstdc++ -lm -lgcc_s -lgcc -lc -lgcc_s -lgcc /weka/apps/gcc/7.3.0/bin/../lib/gcc/x86_64-pc-linux-gnu/7.3.0/crtend.o /lib/../lib64/crtn.o
COLLECT_GCC_OPTIONS='-v' '-rdynamic' '-o' 'cmTC_ea15d' '-shared-libgcc' '-mtune=generic' '-march=x86-64'
gmake[1]: Leaving directory `/home/daoce.wang/develop/SZ_SLE/tools/H5Z-SZ3/CMakeFiles/CMakeTmp'



Parsed CXX implicit include dir info from above output: rv=done
  found start of include info
  found start of implicit include info
    add: [/opt/apps/boost/1.59.0_openmpi-1.10.1/include]
    add: [/opt/apps/lapack/3.8.0/gcc/7.3.0/include]
    add: [/opt/apps/blas/3.8.0/gcc/7.3.0/include]
    add: [/opt/apps/python3/3.9.5/include]
    add: [/opt/apps/gsl/2.1/include]
    add: [/opt/apps/hdf5/1.10.6/gcc/7.3.0/openmpi/4.0.3/include]
    add: [/opt/apps/openmpi/4.0.5/gcc/7.3.0/include]
    add: [/opt/apps/cuda/11.0.3/gcc/6.1.0/include]
    add: [/opt/apps/cuda/11.0.3/gcc/6.1.0/samples/common/inc]
    add: [/weka/apps/gcc/7.3.0/bin/../lib/gcc/x86_64-pc-linux-gnu/7.3.0/../../../../include/c++/7.3.0]
    add: [/weka/apps/gcc/7.3.0/bin/../lib/gcc/x86_64-pc-linux-gnu/7.3.0/../../../../include/c++/7.3.0/x86_64-pc-linux-gnu]
    add: [/weka/apps/gcc/7.3.0/bin/../lib/gcc/x86_64-pc-linux-gnu/7.3.0/../../../../include/c++/7.3.0/backward]
    add: [/weka/apps/gcc/7.3.0/bin/../lib/gcc/x86_64-pc-linux-gnu/7.3.0/include]
    add: [/weka/apps/gcc/7.3.0/bin/../lib/gcc/x86_64-pc-linux-gnu/7.3.0/include-fixed]
    add: [/usr/local/include]
    add: [/weka/apps/gcc/7.3.0/bin/../lib/gcc/../../include]
    add: [/usr/include]
  end of search list found
  collapse include dir [/opt/apps/boost/1.59.0_openmpi-1.10.1/include] ==> [/opt/apps/boost/1.59.0_openmpi-1.10.1/include]
  collapse include dir [/opt/apps/lapack/3.8.0/gcc/7.3.0/include] ==> [/opt/apps/lapack/3.8.0/gcc/7.3.0/include]
  collapse include dir [/opt/apps/blas/3.8.0/gcc/7.3.0/include] ==> [/opt/apps/blas/3.8.0/gcc/7.3.0/include]
  collapse include dir [/opt/apps/python3/3.9.5/include] ==> [/opt/apps/python3/3.9.5/include]
  collapse include dir [/opt/apps/gsl/2.1/include] ==> [/opt/apps/gsl/2.1/include]
  collapse include dir [/opt/apps/hdf5/1.10.6/gcc/7.3.0/openmpi/4.0.3/include] ==> [/opt/apps/hdf5/1.10.6/gcc/7.3.0/openmpi/4.0.3/include]
  collapse include dir [/opt/apps/openmpi/4.0.5/gcc/7.3.0/include] ==> [/opt/apps/openmpi/4.0.5/gcc/7.3.0/include]
  collapse include dir [/opt/apps/cuda/11.0.3/gcc/6.1.0/include] ==> [/opt/apps/cuda/11.0.3/gcc/6.1.0/include]
  collapse include dir [/opt/apps/cuda/11.0.3/gcc/6.1.0/samples/common/inc] ==> [/opt/apps/cuda/11.0.3/gcc/6.1.0/samples/common/inc]
  collapse include dir [/weka/apps/gcc/7.3.0/bin/../lib/gcc/x86_64-pc-linux-gnu/7.3.0/../../../../include/c++/7.3.0] ==> [/weka/apps/gcc/7.3.0/include/c++/7.3.0]
  collapse include dir [/weka/apps/gcc/7.3.0/bin/../lib/gcc/x86_64-pc-linux-gnu/7.3.0/../../../../include/c++/7.3.0/x86_64-pc-linux-gnu] ==> [/weka/apps/gcc/7.3.0/include/c++/7.3.0/x86_64-pc-linux-gnu]
  collapse include dir [/weka/apps/gcc/7.3.0/bin/../lib/gcc/x86_64-pc-linux-gnu/7.3.0/../../../../include/c++/7.3.0/backward] ==> [/weka/apps/gcc/7.3.0/include/c++/7.3.0/backward]
  collapse include dir [/weka/apps/gcc/7.3.0/bin/../lib/gcc/x86_64-pc-linux-gnu/7.3.0/include] ==> [/weka/apps/gcc/7.3.0/lib/gcc/x86_64-pc-linux-gnu/7.3.0/include]
  collapse include dir [/weka/apps/gcc/7.3.0/bin/../lib/gcc/x86_64-pc-linux-gnu/7.3.0/include-fixed] ==> [/weka/apps/gcc/7.3.0/lib/gcc/x86_64-pc-linux-gnu/7.3.0/include-fixed]
  collapse include dir [/usr/local/include] ==> [/usr/local/include]
  collapse include dir [/weka/apps/gcc/7.3.0/bin/../lib/gcc/../../include] ==> [/weka/apps/gcc/7.3.0/include]
  collapse include dir [/usr/include] ==> [/usr/include]
  implicit include dirs: [/opt/apps/boost/1.59.0_openmpi-1.10.1/include;/opt/apps/lapack/3.8.0/gcc/7.3.0/include;/opt/apps/blas/3.8.0/gcc/7.3.0/include;/opt/apps/python3/3.9.5/include;/opt/apps/gsl/2.1/include;/opt/apps/hdf5/1.10.6/gcc/7.3.0/openmpi/4.0.3/include;/opt/apps/openmpi/4.0.5/gcc/7.3.0/include;/opt/apps/cuda/11.0.3/gcc/6.1.0/include;/opt/apps/cuda/11.0.3/gcc/6.1.0/samples/common/inc;/weka/apps/gcc/7.3.0/include/c++/7.3.0;/weka/apps/gcc/7.3.0/include/c++/7.3.0/x86_64-pc-linux-gnu;/weka/apps/gcc/7.3.0/include/c++/7.3.0/backward;/weka/apps/gcc/7.3.0/lib/gcc/x86_64-pc-linux-gnu/7.3.0/include;/weka/apps/gcc/7.3.0/lib/gcc/x86_64-pc-linux-gnu/7.3.0/include-fixed;/usr/local/include;/weka/apps/gcc/7.3.0/include;/usr/include]


Parsed CXX implicit link information from above output:
  link line regex: [^( *|.*[/\])(ld|CMAKE_LINK_STARTFILE-NOTFOUND|([^/\]+-)?ld|collect2)[^/\]*( |$)]
  ignore line: [Change Dir: /home/daoce.wang/develop/SZ_SLE/tools/H5Z-SZ3/CMakeFiles/CMakeTmp]
  ignore line: []
  ignore line: [Run Build Command(s):/usr/bin/gmake -f Makefile cmTC_ea15d/fast && /usr/bin/gmake  -f CMakeFiles/cmTC_ea15d.dir/build.make CMakeFiles/cmTC_ea15d.dir/build]
  ignore line: [gmake[1]: Entering directory `/home/daoce.wang/develop/SZ_SLE/tools/H5Z-SZ3/CMakeFiles/CMakeTmp']
  ignore line: [Building CXX object CMakeFiles/cmTC_ea15d.dir/CMakeCXXCompilerABI.cpp.o]
  ignore line: [/usr/lib64/ccache/c++   -v -o CMakeFiles/cmTC_ea15d.dir/CMakeCXXCompilerABI.cpp.o -c /home/daoce.wang/anaconda3/envs/cmake/share/cmake-3.22/Modules/CMakeCXXCompilerABI.cpp]
  ignore line: [Using built-in specs.]
  ignore line: [COLLECT_GCC=/opt/apps/gcc/7.3.0/bin/c++]
  ignore line: [Target: x86_64-pc-linux-gnu]
  ignore line: [Configured with: ./configure --prefix=/opt/apps/gcc/7.3.0 --disable-multilib]
  ignore line: [Thread model: posix]
  ignore line: [gcc version 7.3.0 (GCC) ]
  ignore line: [COLLECT_GCC_OPTIONS='-v' '-c' '-o' 'CMakeFiles/cmTC_b6a19.dir/CMakeCXXCompilerABI.cpp.o' '-shared-libgcc' '-mtune=generic' '-march=x86-64']
  ignore line: [ /weka/apps/gcc/7.3.0/bin/../libexec/gcc/x86_64-pc-linux-gnu/7.3.0/cc1plus -quiet -v -iprefix /weka/apps/gcc/7.3.0/bin/../lib/gcc/x86_64-pc-linux-gnu/7.3.0/ -D_GNU_SOURCE /home/daoce.wang/anaconda3/envs/cmake/share/cmake-3.22/Modules/CMakeCXXCompilerABI.cpp -quiet -dumpbase CMakeCXXCompilerABI.cpp -mtune=generic -march=x86-64 -auxbase-strip CMakeFiles/cmTC_b6a19.dir/CMakeCXXCompilerABI.cpp.o -version -o /tmp/ccD7UQcW.s]
  ignore line: [GNU C++14 (GCC) version 7.3.0 (x86_64-pc-linux-gnu)]
  ignore line: [	compiled by GNU C version 7.3.0  GMP version 6.0.0  MPFR version 3.1.1  MPC version 1.0.1  isl version none]
  ignore line: [GGC heuristics: --param ggc-min-expand=100 --param ggc-min-heapsize=131072]
  ignore line: [ignoring nonexistent directory "/weka/apps/gcc/7.3.0/bin/../lib/gcc/x86_64-pc-linux-gnu/7.3.0/../../../../x86_64-pc-linux-gnu/include"]
  ignore line: [ignoring duplicate directory "/weka/apps/gcc/7.3.0/bin/../lib/gcc/../../lib/gcc/x86_64-pc-linux-gnu/7.3.0/../../../../include/c++/7.3.0"]
  ignore line: [ignoring duplicate directory "/weka/apps/gcc/7.3.0/bin/../lib/gcc/../../lib/gcc/x86_64-pc-linux-gnu/7.3.0/../../../../include/c++/7.3.0/x86_64-pc-linux-gnu"]
  ignore line: [ignoring duplicate directory "/weka/apps/gcc/7.3.0/bin/../lib/gcc/../../lib/gcc/x86_64-pc-linux-gnu/7.3.0/../../../../include/c++/7.3.0/backward"]
  ignore line: [ignoring duplicate directory "/weka/apps/gcc/7.3.0/bin/../lib/gcc/../../lib/gcc/x86_64-pc-linux-gnu/7.3.0/include"]
  ignore line: [ignoring duplicate directory "/weka/apps/gcc/7.3.0/bin/../lib/gcc/../../lib/gcc/x86_64-pc-linux-gnu/7.3.0/include-fixed"]
  ignore line: [ignoring nonexistent directory "/weka/apps/gcc/7.3.0/bin/../lib/gcc/../../lib/gcc/x86_64-pc-linux-gnu/7.3.0/../../../../x86_64-pc-linux-gnu/include"]
  ignore line: [ignoring duplicate directory "/opt/apps/gcc/7.3.0/include"]
  ignore line: [  as it is a non-system directory that duplicates a system directory]
  ignore line: [#include "..." search starts here:]
  ignore line: [#include <...> search starts here:]
  ignore line: [ /opt/apps/boost/1.59.0_openmpi-1.10.1/include]
  ignore line: [ /opt/apps/lapack/3.8.0/gcc/7.3.0/include]
  ignore line: [ /opt/apps/blas/3.8.0/gcc/7.3.0/include]
  ignore line: [ /opt/apps/python3/3.9.5/include]
  ignore line: [ /opt/apps/gsl/2.1/include]
  ignore line: [ /opt/apps/hdf5/1.10.6/gcc/7.3.0/openmpi/4.0.3/include]
  ignore line: [ /opt/apps/openmpi/4.0.5/gcc/7.3.0/include]
  ignore line: [ /opt/apps/cuda/11.0.3/gcc/6.1.0/include]
  ignore line: [ /opt/apps/cuda/11.0.3/gcc/6.1.0/samples/common/inc]
  ignore line: [ /weka/apps/gcc/7.3.0/bin/../lib/gcc/x86_64-pc-linux-gnu/7.3.0/../../../../include/c++/7.3.0]
  ignore line: [ /weka/apps/gcc/7.3.0/bin/../lib/gcc/x86_64-pc-linux-gnu/7.3.0/../../../../include/c++/7.3.0/x86_64-pc-linux-gnu]
  ignore line: [ /weka/apps/gcc/7.3.0/bin/../lib/gcc/x86_64-pc-linux-gnu/7.3.0/../../../../include/c++/7.3.0/backward]
  ignore line: [ /weka/apps/gcc/7.3.0/bin/../lib/gcc/x86_64-pc-linux-gnu/7.3.0/include]
  ignore line: [ /weka/apps/gcc/7.3.0/bin/../lib/gcc/x86_64-pc-linux-gnu/7.3.0/include-fixed]
  ignore line: [ /usr/local/include]
  ignore line: [ /weka/apps/gcc/7.3.0/bin/../lib/gcc/../../include]
  ignore line: [ /usr/include]
  ignore line: [End of search list.]
  ignore line: [GNU C++14 (GCC) version 7.3.0 (x86_64-pc-linux-gnu)]
  ignore line: [	compiled by GNU C version 7.3.0  GMP version 6.0.0  MPFR version 3.1.1  MPC version 1.0.1  isl version none]
  ignore line: [GGC heuristics: --param ggc-min-expand=100 --param ggc-min-heapsize=131072]
  ignore line: [Compiler executable checksum: 91a0bd93b4534393ac4c82659429ef91]
  ignore line: [COLLECT_GCC_OPTIONS='-v' '-c' '-o' 'CMakeFiles/cmTC_b6a19.dir/CMakeCXXCompilerABI.cpp.o' '-shared-libgcc' '-mtune=generic' '-march=x86-64']
  ignore line: [ as -v --64 -o CMakeFiles/cmTC_b6a19.dir/CMakeCXXCompilerABI.cpp.o /tmp/ccD7UQcW.s]
  ignore line: [GNU assembler version 2.25.1 (x86_64-redhat-linux) using BFD version version 2.25.1-32.base.el7_4.1 ]
  ignore line: [COMPILER_PATH=/weka/apps/gcc/7.3.0/bin/../libexec/gcc/x86_64-pc-linux-gnu/7.3.0/:/weka/apps/gcc/7.3.0/bin/../libexec/gcc/]
  ignore line: [LIBRARY_PATH=/weka/apps/gcc/7.3.0/bin/../lib/gcc/x86_64-pc-linux-gnu/7.3.0/:/weka/apps/gcc/7.3.0/bin/../lib/gcc/:/opt/apps/gcc/7.3.0/lib/../lib64/:/weka/apps/gcc/7.3.0/bin/../lib/gcc/x86_64-pc-linux-gnu/7.3.0/../../../../lib64/:/lib/../lib64/:/usr/lib/../lib64/:/opt/apps/boost/1.59.0_openmpi-1.10.1/lib/:/opt/apps/lapack/3.8.0/gcc/7.3.0/lib/:/opt/apps/blas/3.8.0/gcc/7.3.0/lib/:/opt/apps/python3/3.9.5/lib/:/opt/apps/gsl/2.1/lib/:/opt/apps/hdf5/1.10.6/gcc/7.3.0/openmpi/4.0.3/lib/:/opt/apps/openmpi/4.0.5/gcc/7.3.0/lib/:/opt/apps/gcc/7.3.0/lib/:/opt/apps/cuda/11.0.3/gcc/6.1.0/lib64/:/weka/apps/gcc/7.3.0/bin/../lib/gcc/x86_64-pc-linux-gnu/7.3.0/../../../:/lib/:/usr/lib/]
  ignore line: [COLLECT_GCC_OPTIONS='-v' '-c' '-o' 'CMakeFiles/cmTC_b6a19.dir/CMakeCXXCompilerABI.cpp.o' '-shared-libgcc' '-mtune=generic' '-march=x86-64']
  ignore line: [Linking CXX executable cmTC_ea15d]
  ignore line: [/home/daoce.wang/anaconda3/envs/cmake/bin/cmake -E cmake_link_script CMakeFiles/cmTC_ea15d.dir/link.txt --verbose=1]
  ignore line: [/usr/lib64/ccache/c++  -v -rdynamic CMakeFiles/cmTC_ea15d.dir/CMakeCXXCompilerABI.cpp.o -o cmTC_ea15d ]
  ignore line: [Using built-in specs.]
  ignore line: [COLLECT_GCC=/opt/apps/gcc/7.3.0/bin/c++]
  ignore line: [COLLECT_LTO_WRAPPER=/weka/apps/gcc/7.3.0/bin/../libexec/gcc/x86_64-pc-linux-gnu/7.3.0/lto-wrapper]
  ignore line: [Target: x86_64-pc-linux-gnu]
  ignore line: [Configured with: ./configure --prefix=/opt/apps/gcc/7.3.0 --disable-multilib]
  ignore line: [Thread model: posix]
  ignore line: [gcc version 7.3.0 (GCC) ]
  ignore line: [COMPILER_PATH=/weka/apps/gcc/7.3.0/bin/../libexec/gcc/x86_64-pc-linux-gnu/7.3.0/:/weka/apps/gcc/7.3.0/bin/../libexec/gcc/]
  ignore line: [LIBRARY_PATH=/weka/apps/gcc/7.3.0/bin/../lib/gcc/x86_64-pc-linux-gnu/7.3.0/:/weka/apps/gcc/7.3.0/bin/../lib/gcc/:/opt/apps/gcc/7.3.0/lib/../lib64/:/weka/apps/gcc/7.3.0/bin/../lib/gcc/x86_64-pc-linux-gnu/7.3.0/../../../../lib64/:/lib/../lib64/:/usr/lib/../lib64/:/opt/apps/boost/1.59.0_openmpi-1.10.1/lib/:/opt/apps/lapack/3.8.0/gcc/7.3.0/lib/:/opt/apps/blas/3.8.0/gcc/7.3.0/lib/:/opt/apps/python3/3.9.5/lib/:/opt/apps/gsl/2.1/lib/:/opt/apps/hdf5/1.10.6/gcc/7.3.0/openmpi/4.0.3/lib/:/opt/apps/openmpi/4.0.5/gcc/7.3.0/lib/:/opt/apps/gcc/7.3.0/lib/:/opt/apps/cuda/11.0.3/gcc/6.1.0/lib64/:/weka/apps/gcc/7.3.0/bin/../lib/gcc/x86_64-pc-linux-gnu/7.3.0/../../../:/lib/:/usr/lib/]
  ignore line: [COLLECT_GCC_OPTIONS='-v' '-rdynamic' '-o' 'cmTC_ea15d' '-shared-libgcc' '-mtune=generic' '-march=x86-64']
  link line: [ /weka/apps/gcc/7.3.0/bin/../libexec/gcc/x86_64-pc-linux-gnu/7.3.0/collect2 -plugin /weka/apps/gcc/7.3.0/bin/../libexec/gcc/x86_64-pc-linux-gnu/7.3.0/liblto_plugin.so -plugin-opt=/weka/apps/gcc/7.3.0/bin/../libexec/gcc/x86_64-pc-linux-gnu/7.3.0/lto-wrapper -plugin-opt=-fresolution=/tmp/ccWiRewG.res -plugin-opt=-pass-through=-lgcc_s -plugin-opt=-pass-through=-lgcc -plugin-opt=-pass-through=-lc -plugin-opt=-pass-through=-lgcc_s -plugin-opt=-pass-through=-lgcc --eh-frame-hdr -m elf_x86_64 -export-dynamic -dynamic-linker /lib64/ld-linux-x86-64.so.2 -o cmTC_ea15d /lib/../lib64/crt1.o /lib/../lib64/crti.o /weka/apps/gcc/7.3.0/bin/../lib/gcc/x86_64-pc-linux-gnu/7.3.0/crtbegin.o -L/weka/apps/gcc/7.3.0/bin/../lib/gcc/x86_64-pc-linux-gnu/7.3.0 -L/weka/apps/gcc/7.3.0/bin/../lib/gcc -L/opt/apps/gcc/7.3.0/lib/../lib64 -L/weka/apps/gcc/7.3.0/bin/../lib/gcc/x86_64-pc-linux-gnu/7.3.0/../../../../lib64 -L/lib/../lib64 -L/usr/lib/../lib64 -L/opt/apps/boost/1.59.0_openmpi-1.10.1/lib -L/opt/apps/lapack/3.8.0/gcc/7.3.0/lib -L/opt/apps/blas/3.8.0/gcc/7.3.0/lib -L/opt/apps/python3/3.9.5/lib -L/opt/apps/gsl/2.1/lib -L/opt/apps/hdf5/1.10.6/gcc/7.3.0/openmpi/4.0.3/lib -L/opt/apps/openmpi/4.0.5/gcc/7.3.0/lib -L/opt/apps/gcc/7.3.0/lib -L/opt/apps/cuda/11.0.3/gcc/6.1.0/lib64 -L/weka/apps/gcc/7.3.0/bin/../lib/gcc/x86_64-pc-linux-gnu/7.3.0/../../.. CMakeFiles/cmTC_ea15d.dir/CMakeCXXCompilerABI.cpp.o -lstdc++ -lm -lgcc_s -lgcc -lc -lgcc_s -lgcc /weka/apps/gcc/7.3.0/bin/../lib/gcc/x86_64-pc-linux-gnu/7.3.0/crtend.o /lib/../lib64/crtn.o]
    arg [/weka/apps/gcc/7.3.0/bin/../libexec/gcc/x86_64-pc-linux-gnu/7.3.0/collect2] ==> ignore
    arg [-plugin] ==> ignore
    arg [/weka/apps/gcc/7.3.0/bin/../libexec/gcc/x86_64-pc-linux-gnu/7.3.0/liblto_plugin.so] ==> ignore
    arg [-plugin-opt=/weka/apps/gcc/7.3.0/bin/../libexec/gcc/x86_64-pc-linux-gnu/7.3.0/lto-wrapper] ==> ignore
    arg [-plugin-opt=-fresolution=/tmp/ccWiRewG.res] ==> ignore
    arg [-plugin-opt=-pass-through=-lgcc_s] ==> ignore
    arg [-plugin-opt=-pass-through=-lgcc] ==> ignore
    arg [-plugin-opt=-pass-through=-lc] ==> ignore
    arg [-plugin-opt=-pass-through=-lgcc_s] ==> ignore
    arg [-plugin-opt=-pass-through=-lgcc] ==> ignore
    arg [--eh-frame-hdr] ==> ignore
    arg [-m] ==> ignore
    arg [elf_x86_64] ==> ignore
    arg [-export-dynamic] ==> ignore
    arg [-dynamic-linker] ==> ignore
    arg [/lib64/ld-linux-x86-64.so.2] ==> ignore
    arg [-o] ==> ignore
    arg [cmTC_ea15d] ==> ignore
    arg [/lib/../lib64/crt1.o] ==> obj [/lib/../lib64/crt1.o]
    arg [/lib/../lib64/crti.o] ==> obj [/lib/../lib64/crti.o]
    arg [/weka/apps/gcc/7.3.0/bin/../lib/gcc/x86_64-pc-linux-gnu/7.3.0/crtbegin.o] ==> obj [/weka/apps/gcc/7.3.0/bin/../lib/gcc/x86_64-pc-linux-gnu/7.3.0/crtbegin.o]
    arg [-L/weka/apps/gcc/7.3.0/bin/../lib/gcc/x86_64-pc-linux-gnu/7.3.0] ==> dir [/weka/apps/gcc/7.3.0/bin/../lib/gcc/x86_64-pc-linux-gnu/7.3.0]
    arg [-L/weka/apps/gcc/7.3.0/bin/../lib/gcc] ==> dir [/weka/apps/gcc/7.3.0/bin/../lib/gcc]
    arg [-L/opt/apps/gcc/7.3.0/lib/../lib64] ==> dir [/opt/apps/gcc/7.3.0/lib/../lib64]
    arg [-L/weka/apps/gcc/7.3.0/bin/../lib/gcc/x86_64-pc-linux-gnu/7.3.0/../../../../lib64] ==> dir [/weka/apps/gcc/7.3.0/bin/../lib/gcc/x86_64-pc-linux-gnu/7.3.0/../../../../lib64]
    arg [-L/lib/../lib64] ==> dir [/lib/../lib64]
    arg [-L/usr/lib/../lib64] ==> dir [/usr/lib/../lib64]
    arg [-L/opt/apps/boost/1.59.0_openmpi-1.10.1/lib] ==> dir [/opt/apps/boost/1.59.0_openmpi-1.10.1/lib]
    arg [-L/opt/apps/lapack/3.8.0/gcc/7.3.0/lib] ==> dir [/opt/apps/lapack/3.8.0/gcc/7.3.0/lib]
    arg [-L/opt/apps/blas/3.8.0/gcc/7.3.0/lib] ==> dir [/opt/apps/blas/3.8.0/gcc/7.3.0/lib]
    arg [-L/opt/apps/python3/3.9.5/lib] ==> dir [/opt/apps/python3/3.9.5/lib]
    arg [-L/opt/apps/gsl/2.1/lib] ==> dir [/opt/apps/gsl/2.1/lib]
    arg [-L/opt/apps/hdf5/1.10.6/gcc/7.3.0/openmpi/4.0.3/lib] ==> dir [/opt/apps/hdf5/1.10.6/gcc/7.3.0/openmpi/4.0.3/lib]
    arg [-L/opt/apps/openmpi/4.0.5/gcc/7.3.0/lib] ==> dir [/opt/apps/openmpi/4.0.5/gcc/7.3.0/lib]
    arg [-L/opt/apps/gcc/7.3.0/lib] ==> dir [/opt/apps/gcc/7.3.0/lib]
    arg [-L/opt/apps/cuda/11.0.3/gcc/6.1.0/lib64] ==> dir [/opt/apps/cuda/11.0.3/gcc/6.1.0/lib64]
    arg [-L/weka/apps/gcc/7.3.0/bin/../lib/gcc/x86_64-pc-linux-gnu/7.3.0/../../..] ==> dir [/weka/apps/gcc/7.3.0/bin/../lib/gcc/x86_64-pc-linux-gnu/7.3.0/../../..]
    arg [CMakeFiles/cmTC_ea15d.dir/CMakeCXXCompilerABI.cpp.o] ==> ignore
    arg [-lstdc++] ==> lib [stdc++]
    arg [-lm] ==> lib [m]
    arg [-lgcc_s] ==> lib [gcc_s]
    arg [-lgcc] ==> lib [gcc]
    arg [-lc] ==> lib [c]
    arg [-lgcc_s] ==> lib [gcc_s]
    arg [-lgcc] ==> lib [gcc]
    arg [/weka/apps/gcc/7.3.0/bin/../lib/gcc/x86_64-pc-linux-gnu/7.3.0/crtend.o] ==> obj [/weka/apps/gcc/7.3.0/bin/../lib/gcc/x86_64-pc-linux-gnu/7.3.0/crtend.o]
    arg [/lib/../lib64/crtn.o] ==> obj [/lib/../lib64/crtn.o]
  collapse obj [/lib/../lib64/crt1.o] ==> [/lib64/crt1.o]
  collapse obj [/lib/../lib64/crti.o] ==> [/lib64/crti.o]
  collapse obj [/weka/apps/gcc/7.3.0/bin/../lib/gcc/x86_64-pc-linux-gnu/7.3.0/crtbegin.o] ==> [/weka/apps/gcc/7.3.0/lib/gcc/x86_64-pc-linux-gnu/7.3.0/crtbegin.o]
  collapse obj [/weka/apps/gcc/7.3.0/bin/../lib/gcc/x86_64-pc-linux-gnu/7.3.0/crtend.o] ==> [/weka/apps/gcc/7.3.0/lib/gcc/x86_64-pc-linux-gnu/7.3.0/crtend.o]
  collapse obj [/lib/../lib64/crtn.o] ==> [/lib64/crtn.o]
  collapse library dir [/weka/apps/gcc/7.3.0/bin/../lib/gcc/x86_64-pc-linux-gnu/7.3.0] ==> [/weka/apps/gcc/7.3.0/lib/gcc/x86_64-pc-linux-gnu/7.3.0]
  collapse library dir [/weka/apps/gcc/7.3.0/bin/../lib/gcc] ==> [/weka/apps/gcc/7.3.0/lib/gcc]
  collapse library dir [/opt/apps/gcc/7.3.0/lib/../lib64] ==> [/opt/apps/gcc/7.3.0/lib64]
  collapse library dir [/weka/apps/gcc/7.3.0/bin/../lib/gcc/x86_64-pc-linux-gnu/7.3.0/../../../../lib64] ==> [/weka/apps/gcc/7.3.0/lib64]
  collapse library dir [/lib/../lib64] ==> [/lib64]
  collapse library dir [/usr/lib/../lib64] ==> [/usr/lib64]
  collapse library dir [/opt/apps/boost/1.59.0_openmpi-1.10.1/lib] ==> [/opt/apps/boost/1.59.0_openmpi-1.10.1/lib]
  collapse library dir [/opt/apps/lapack/3.8.0/gcc/7.3.0/lib] ==> [/opt/apps/lapack/3.8.0/gcc/7.3.0/lib]
  collapse library dir [/opt/apps/blas/3.8.0/gcc/7.3.0/lib] ==> [/opt/apps/blas/3.8.0/gcc/7.3.0/lib]
  collapse library dir [/opt/apps/python3/3.9.5/lib] ==> [/opt/apps/python3/3.9.5/lib]
  collapse library dir [/opt/apps/gsl/2.1/lib] ==> [/opt/apps/gsl/2.1/lib]
  collapse library dir [/opt/apps/hdf5/1.10.6/gcc/7.3.0/openmpi/4.0.3/lib] ==> [/opt/apps/hdf5/1.10.6/gcc/7.3.0/openmpi/4.0.3/lib]
  collapse library dir [/opt/apps/openmpi/4.0.5/gcc/7.3.0/lib] ==> [/opt/apps/openmpi/4.0.5/gcc/7.3.0/lib]
  collapse library dir [/opt/apps/gcc/7.3.0/lib] ==> [/opt/apps/gcc/7.3.0/lib]
  collapse library dir [/opt/apps/cuda/11.0.3/gcc/6.1.0/lib64] ==> [/opt/apps/cuda/11.0.3/gcc/6.1.0/lib64]
  collapse library dir [/weka/apps/gcc/7.3.0/bin/../lib/gcc/x86_64-pc-linux-gnu/7.3.0/../../..] ==> [/weka/apps/gcc/7.3.0/lib]
  implicit libs: [stdc++;m;gcc_s;gcc;c;gcc_s;gcc]
  implicit objs: [/lib64/crt1.o;/lib64/crti.o;/weka/apps/gcc/7.3.0/lib/gcc/x86_64-pc-linux-gnu/7.3.0/crtbegin.o;/weka/apps/gcc/7.3.0/lib/gcc/x86_64-pc-linux-gnu/7.3.0/crtend.o;/lib64/crtn.o]
  implicit dirs: [/weka/apps/gcc/7.3.0/lib/gcc/x86_64-pc-linux-gnu/7.3.0;/weka/apps/gcc/7.3.0/lib/gcc;/opt/apps/gcc/7.3.0/lib64;/weka/apps/gcc/7.3.0/lib64;/lib64;/usr/lib64;/opt/apps/boost/1.59.0_openmpi-1.10.1/lib;/opt/apps/lapack/3.8.0/gcc/7.3.0/lib;/opt/apps/blas/3.8.0/gcc/7.3.0/lib;/opt/apps/python3/3.9.5/lib;/opt/apps/gsl/2.1/lib;/opt/apps/hdf5/1.10.6/gcc/7.3.0/openmpi/4.0.3/lib;/opt/apps/openmpi/4.0.5/gcc/7.3.0/lib;/opt/apps/gcc/7.3.0/lib;/opt/apps/cuda/11.0.3/gcc/6.1.0/lib64;/weka/apps/gcc/7.3.0/lib]
  implicit fwks: []


